Arguments: 
  E:\Felles\nodejs\node.exe E:\Felles\yarn\bin\yarn.js add node-ssp-lite

PATH: 
  C:\Program Files\Git\mingw64\bin;C:\Program Files\Git\usr\bin;C:\Users\petter\bin;C:\ProgramData\DockerDesktop\version-bin;C:\Program Files\Docker\Docker\Resources\bin;C:\Program Files (x86)\Common Files\Oracle\Java\javapath;C:\Program Files (x86)\Intel\iCLS Client;C:\Program Files\Intel\iCLS Client;C:\ProgramData\Oracle\Java\javapath;C:\Program Files\Java\jdk1.8.0_144;C:\Windows\system32;C:\Windows;C:\Windows\System32\Wbem;C:\Program Files (x86)\NVIDIA Corporation\PhysX\Common;C:\WINDOWS\system32;C:\WINDOWS;C:\WINDOWS\System32\WindowsPowerShell\v1.0;C:\Program Files\Microsoft SQL Server\Client SDK\ODBC\110\Tools\Binn;C:\Program Files\Microsoft DNX\Dnvm;C:\Program Files\PuTTY;E:\Felles\PHP\7.1.3;C:\Program Files\Intel\WiFi\bin;C:\Program Files\Common Files\Intel\WirelessCommon;C:\WINDOWS\System32\OpenSSH;C:\Program Files (x86)\Intel\Intel(R) Management Engine Components\DAL;C:\Program Files\Intel\Intel(R) Management Engine Components\DAL;C:\Program Files (x86)\Intel\Intel(R) Management Engine Components\IPT;C:\Program Files\Intel\Intel(R) Management Engine Components\IPT;C:\Program Files\NVIDIA Corporation\NVIDIA NvDLISR;C:\Program Files\Git\cmd;C:\WINDOWS\system32;C:\WINDOWS;C:\WINDOWS\System32\Wbem;C:\WINDOWS\System32\WindowsPowerShell\v1.0;C:\WINDOWS\System32\OpenSSH;C:\Users\petter\AppData\Local\Programs\Python\Python37;C:\Users\petter\AppData\Local\Microsoft\WindowsApps;E:\Felles\nodejs;E:\Felles\yarn\bin;C:\Users\petter\AppData\Local\Programs\Python\Python37\Scripts;C:\Users\petter\AppData\Local\Programs\Python\Python37;C:\Users\petter\AppData\Local\Android\sdk;C:\Program Files\Java\jdk1.8.0_144;C:\Program Files\Intel\WiFi\bin;C:\Program Files\Common Files\Intel\WirelessCommon;C:\WINDOWS\System32\OpenSSH;C:\Users\petter\AppData\Local\Programs\Microsoft VS Code\bin;C:\Users\petter\AppData\Local\GitHubDesktop\bin;C:\Users\petter\AppData\Local\Microsoft\WindowsApps;C:\Users\petter\AppData\Local\Microsoft\WindowsApps;C:\Users\petter\AppData\Local\Programs\Fiddler;C:\Users\petter\AppData\Roaming\npm;C:\Users\petter\AppData\Local\Yarn\bin

Yarn version: 
  1.19.0

Node version: 
  10.16.3

Platform: 
  win32 x64

Trace: 
  Error: https://registry.yarnpkg.com/node-ssp-lite: Not found
      at Request.params.callback [as _callback] (E:\Felles\yarn\lib\cli.js:66027:18)
      at Request.self.callback (E:\Felles\yarn\lib\cli.js:140539:22)
      at Request.emit (events.js:198:13)
      at Request.<anonymous> (E:\Felles\yarn\lib\cli.js:141511:10)
      at Request.emit (events.js:198:13)
      at IncomingMessage.<anonymous> (E:\Felles\yarn\lib\cli.js:141433:12)
      at Object.onceWrapper (events.js:286:20)
      at IncomingMessage.emit (events.js:203:15)
      at endReadableNT (_stream_readable.js:1145:12)
      at process._tickCallback (internal/process/next_tick.js:63:19)

npm manifest: 
  {
    "name": "wam.multiroom.samsung",
    "version": "0.0.1",
    "description": "Support Samsung Multiroom Speakers",
    "main": "app.js",
    "scripts": {
      "start": "athom app run",
      "test": "echo \"Error: no test specified\" && exit 1"
    },
    "author": "Petter Ruud",
    "license": "ISC",
    "dependencies": {
      "node-fetch": "^2.6.0"
    }
  }

yarn manifest: 
  No manifest

Lockfile: 
  # THIS IS AN AUTOGENERATED FILE. DO NOT EDIT THIS FILE DIRECTLY.
  # yarn lockfile v1
  
  
  node-fetch@^2.6.0:
    version "2.6.0"
    resolved "https://registry.yarnpkg.com/node-fetch/-/node-fetch-2.6.0.tgz#e633456386d4aa55863f676a7ab0daa8fdecb0fd"
    integrity sha512-8dG4H5ujfvFiqDmVu9fQ5bOHUC15JMjMY/Zumv26oOvvVJjM67KF8koCWIabKQ1GJIa9r2mMZscBq/TbdOcmNA==
